Using pre-set license
Built from '2020.3/staging' branch; Version is '2020.3.48f1 (b805b124c6b7) revision 12060081'; Using compiler version '192528614'; Build Type 'Release'
OS: 'Windows 10  (10.0.19045) 64bit Professional' Language: 'es' Physical Memory: 8051 MB
BatchMode: 1, IsHumanControllingUs: 0, StartBugReporterOnCrash: 0, Is64bit: 1, IsPro: 0

COMMAND LINE ARGUMENTS:
C:\Program Files\Unity\Hub\Editor\2020.3.48f1\Editor\Unity.exe
-adb2
-batchMode
-noUpm
-name
AssetImportWorker0
-projectPath
D:/ISI - UNIVALLE/SEMESTRE_10/Realidad A/RogueLike/RogueLike
-logFile
Logs/AssetImportWorker0.log
-srvPort
52477
Successfully changed project path to: D:/ISI - UNIVALLE/SEMESTRE_10/Realidad A/RogueLike/RogueLike
D:/ISI - UNIVALLE/SEMESTRE_10/Realidad A/RogueLike/RogueLike
Using Asset Import Pipeline V2.
Player connection [10488] Host "[IP] 192.168.1.7 [Port] 1342394784 [Flags] 2 [Guid] 114168518 [EditorId] 114168518 [Version] 1048832 [Id] WindowsEditor(7,luwiPC) [Debug] 1 [PackageName] WindowsEditor [ProjectName] Editor" joined multi-casting on [225.0.0.222:54997]...

Player connection [10488] Host "[IP] 192.168.1.7 [Port] 1342394784 [Flags] 2 [Guid] 114168518 [EditorId] 114168518 [Version] 1048832 [Id] WindowsEditor(7,luwiPC) [Debug] 1 [PackageName] WindowsEditor [ProjectName] Editor" joined alternative multi-casting on [225.0.0.222:34997]...

Refreshing native plugins compatible for Editor in 254.13 ms, found 2 plugins.
Preloading 0 native plugins for Editor in 0.00 ms.
Initialize engine version: 2020.3.48f1 (b805b124c6b7)
[Subsystems] Discovering subsystems at path C:/Program Files/Unity/Hub/Editor/2020.3.48f1/Editor/Data/Resources/UnitySubsystems
[Subsystems] Discovering subsystems at path D:/ISI - UNIVALLE/SEMESTRE_10/Realidad A/RogueLike/RogueLike/Assets
GfxDevice: creating device client; threaded=0
Direct3D:
    Version:  Direct3D 11.0 [level 11.1]
    Renderer: Intel(R) HD Graphics 520 (ID=0x1916)
    Vendor:   
    VRAM:     4025 MB
    Driver:   20.19.15.4474
Initialize mono
Mono path[0] = 'C:/Program Files/Unity/Hub/Editor/2020.3.48f1/Editor/Data/Managed'
Mono path[1] = 'C:/Program Files/Unity/Hub/Editor/2020.3.48f1/Editor/Data/MonoBleedingEdge/lib/mono/unityjit'
Mono config path = 'C:/Program Files/Unity/Hub/Editor/2020.3.48f1/Editor/Data/MonoBleedingEdge/etc'
Using monoOptions --debugger-agent=transport=dt_socket,embedding=1,server=y,suspend=n,address=127.0.0.1:56828
Begin MonoManager ReloadAssembly
Registering precompiled unity dll's ...
Register platform support module: C:/Program Files/Unity/Hub/Editor/2020.3.48f1/Editor/Data/PlaybackEngines/WindowsStandaloneSupport/UnityEditor.WindowsStandalone.Extensions.dll
Registered in 0.154298 seconds.
Native extension for WindowsStandalone target not found
Refreshing native plugins compatible for Editor in 34.63 ms, found 2 plugins.
Preloading 0 native plugins for Editor in 0.00 ms.
Mono: successfully reloaded assembly
- Completed reload, in  8.888 seconds
Domain Reload Profiling:
	ReloadAssembly (8888ms)
		BeginReloadAssembly (6129ms)
			ExecutionOrderSort (0ms)
			DisableScriptedObjects (0ms)
			BackupInstance (0ms)
			ReleaseScriptingObjects (0ms)
			CreateAndSetChildDomain (1ms)
		EndReloadAssembly (1712ms)
			LoadAssemblies (6126ms)
			RebuildTransferFunctionScriptingTraits (0ms)
			SetupTypeCache (1267ms)
			ReleaseScriptCaches (0ms)
			RebuildScriptCaches (61ms)
			SetupLoadedEditorAssemblies (242ms)
				LogAssemblyErrors (0ms)
				InitializePlatformSupportModulesInManaged (6ms)
				SetLoadedEditorAssemblies (0ms)
				RefreshPlugins (35ms)
				BeforeProcessingInitializeOnLoad (19ms)
				ProcessInitializeOnLoadAttributes (108ms)
				ProcessInitializeOnLoadMethodAttributes (73ms)
				AfterProcessingInitializeOnLoad (0ms)
				EditorAssembliesLoaded (0ms)
			ExecutionOrderSort2 (0ms)
			AwakeInstancesAfterBackupRestoration (0ms)
Platform modules already initialized, skipping
Registering precompiled user dll's ...
Registered in 1.272591 seconds.
Begin MonoManager ReloadAssembly
Native extension for WindowsStandalone target not found
Refreshing native plugins compatible for Editor in 0.56 ms, found 2 plugins.
Preloading 0 native plugins for Editor in 0.00 ms.
Mono: successfully reloaded assembly
- Completed reload, in  8.046 seconds
Domain Reload Profiling:
	ReloadAssembly (8054ms)
		BeginReloadAssembly (251ms)
			ExecutionOrderSort (0ms)
			DisableScriptedObjects (7ms)
			BackupInstance (0ms)
			ReleaseScriptingObjects (0ms)
			CreateAndSetChildDomain (27ms)
		EndReloadAssembly (7716ms)
			LoadAssemblies (3561ms)
			RebuildTransferFunctionScriptingTraits (0ms)
			SetupTypeCache (2727ms)
			ReleaseScriptCaches (1ms)
			RebuildScriptCaches (81ms)
			SetupLoadedEditorAssemblies (1230ms)
				LogAssemblyErrors (0ms)
				InitializePlatformSupportModulesInManaged (9ms)
				SetLoadedEditorAssemblies (1ms)
				RefreshPlugins (1ms)
				BeforeProcessingInitializeOnLoad (125ms)
				ProcessInitializeOnLoadAttributes (1069ms)
				ProcessInitializeOnLoadMethodAttributes (13ms)
				AfterProcessingInitializeOnLoad (12ms)
				EditorAssembliesLoaded (1ms)
			ExecutionOrderSort2 (0ms)
			AwakeInstancesAfterBackupRestoration (5ms)
Platform modules already initialized, skipping
========================================================================
Worker process is ready to serve import requests
Launched and connected shader compiler UnityShaderCompiler.exe after 0.83 seconds
Refreshing native plugins compatible for Editor in 0.35 ms, found 2 plugins.
Preloading 0 native plugins for Editor in 0.00 ms.
Unloading 1324 Unused Serialized files (Serialized files now loaded: 0)
System memory in use before: 63.9 MB.
System memory in use after: 63.9 MB.

Unloading 16 unused Assets to reduce memory usage. Loaded Objects now: 1761.
Total: 3.085800 ms (FindLiveObjects: 0.160500 ms CreateObjectMapping: 0.081900 ms MarkObjects: 2.741100 ms  DeleteObjects: 0.101300 ms)

AssetImportParameters requested are different than current active one (requested -> active):
  custom:framework-win-MediaFoundation: 216162199b28c13a410421893ffa2e32 -> 
  custom:video-decoder-ogg-theora: a1e56fd34408186e4bbccfd4996cb3dc -> 
  custom:container-muxer-webm: aa71ff27fc2769a1b78a27578f13a17b -> 
  custom:container-demuxer-webm: 4f35f7cbe854078d1ac9338744f61a02 -> 
  custom:container-demuxer-ogg: 62fdf1f143b41e24485cea50d1cbac27 -> 
  custom:video-encoder-webm-vp8: eb34c28f22e8b96e1ab97ce403110664 -> 
  custom:video-decoder-webm-vp8: 9c59270c3fd7afecdb556c50c9e8de78 -> 
  custom:audio-decoder-ogg-vorbis: bf7c407c2cedff20999df2af8eb42d56 -> 
  custom:audio-encoder-webm-vorbis: bf7c407c2cedff20999df2af8eb42d56 -> 
========================================================================
Received Import Request.
  path: Assets/01_Scripts/Bosses/Goblin/Goblin.cs
  artifactKey: Guid(ca8ebbda57a486f46864838fba4aa519) Importer(815301076,1909f56bfc062723c751e8b465ee728b)
Start importing Assets/01_Scripts/Bosses/Goblin/Goblin.cs using Guid(ca8ebbda57a486f46864838fba4aa519) Importer(815301076,1909f56bfc062723c751e8b465ee728b)  -> (artifact id: '3398ef84bc24deb5a166966dd7eb2fc7') in 0.349256 seconds 
========================================================================
Received Import Request.
  Time since last request: 297.198197 seconds.
  path: Assets/03_Models/Arms/Hacha doble.obj
  artifactKey: Guid(2f8af1270b7024d4480acceadc785811) Importer(815301076,1909f56bfc062723c751e8b465ee728b)
Start importing Assets/03_Models/Arms/Hacha doble.obj using Guid(2f8af1270b7024d4480acceadc785811) Importer(815301076,1909f56bfc062723c751e8b465ee728b)  -> (artifact id: 'bbd160e2bd699ba768617caf4f63cfcc') in 2.567689 seconds 
========================================================================
Received Import Request.
  Time since last request: 39.529492 seconds.
  path: Assets/03_Models/Arms/Hacha doble.obj
  artifactKey: Guid(2f8af1270b7024d4480acceadc785811) Importer(815301076,1909f56bfc062723c751e8b465ee728b)
Start importing Assets/03_Models/Arms/Hacha doble.obj using Guid(2f8af1270b7024d4480acceadc785811) Importer(815301076,1909f56bfc062723c751e8b465ee728b)  -> (artifact id: '3832e67f0b4808718b3da1f4dda6b82f') in 0.637683 seconds 
========================================================================
Received Import Request.
  Time since last request: 213.106700 seconds.
  path: Assets/04_Anim/Bosses/Goblin Controller.controller
  artifactKey: Guid(c32e8fc130b28e043873010fa1f4ee50) Importer(815301076,1909f56bfc062723c751e8b465ee728b)
Start importing Assets/04_Anim/Bosses/Goblin Controller.controller using Guid(c32e8fc130b28e043873010fa1f4ee50) Importer(815301076,1909f56bfc062723c751e8b465ee728b)  -> (artifact id: '11f4c4793420ee818c890dc6da047224') in 10.354078 seconds 
========================================================================
Received Import Request.
  Time since last request: 78147.752761 seconds.
  path: Assets/02_Prefabs/Bosses
  artifactKey: Guid(10da4a56e77d7ac40aefb1a84fd7c1bc) Importer(815301076,1909f56bfc062723c751e8b465ee728b)
Start importing Assets/02_Prefabs/Bosses using Guid(10da4a56e77d7ac40aefb1a84fd7c1bc) Importer(815301076,1909f56bfc062723c751e8b465ee728b)  -> (artifact id: '46b583dd4b80aac6778fbe49b5c0ee72') in 0.029574 seconds 
========================================================================
Received Import Request.
  Time since last request: 28.795675 seconds.
  path: Assets/02_Prefabs/Bosses/Rooms
  artifactKey: Guid(4a7213b5f64965046b2ed605e79c2df7) Importer(815301076,1909f56bfc062723c751e8b465ee728b)
Start importing Assets/02_Prefabs/Bosses/Rooms using Guid(4a7213b5f64965046b2ed605e79c2df7) Importer(815301076,1909f56bfc062723c751e8b465ee728b)  -> (artifact id: 'f14765a9170665b3ea7a562dd00141a1') in 0.014597 seconds 
========================================================================
Received Import Request.
  Time since last request: 44.995325 seconds.
  path: Assets/02_Prefabs/Bosses/Goblin.prefab
  artifactKey: Guid(d1b698263f02c1e46bd33baceb0acefa) Importer(815301076,1909f56bfc062723c751e8b465ee728b)
Start importing Assets/02_Prefabs/Bosses/Goblin.prefab using Guid(d1b698263f02c1e46bd33baceb0acefa) Importer(815301076,1909f56bfc062723c751e8b465ee728b)  -> (artifact id: '464ae96b34563c678f020e241e9b2873') in 3.976331 seconds 
========================================================================
Received Import Request.
  Time since last request: 294.109870 seconds.
  path: Assets/02_Prefabs/Bosses/Goblin.prefab
  artifactKey: Guid(d1b698263f02c1e46bd33baceb0acefa) Importer(815301076,1909f56bfc062723c751e8b465ee728b)
Start importing Assets/02_Prefabs/Bosses/Goblin.prefab using Guid(d1b698263f02c1e46bd33baceb0acefa) Importer(815301076,1909f56bfc062723c751e8b465ee728b)  -> (artifact id: 'b3475814feae0ee7840798e76d865711') in 0.504600 seconds 
========================================================================
Received Import Request.
  Time since last request: 62.742548 seconds.
  path: Assets/03_Models/Bosses/Minotauro
  artifactKey: Guid(fd2bd1d79a4bf824abd3f407c646b994) Importer(815301076,1909f56bfc062723c751e8b465ee728b)
Start importing Assets/03_Models/Bosses/Minotauro using Guid(fd2bd1d79a4bf824abd3f407c646b994) Importer(815301076,1909f56bfc062723c751e8b465ee728b)  -> (artifact id: 'b464253560cfea490a8a9320ec8f3802') in 0.044344 seconds 
========================================================================
Received Import Request.
  Time since last request: 229.932533 seconds.
  path: Assets/01_Scripts/Bosses/Minotauro.cs
  artifactKey: Guid(7cb68f51c0aeb6c4fb508195bc44ddca) Importer(815301076,1909f56bfc062723c751e8b465ee728b)
Start importing Assets/01_Scripts/Bosses/Minotauro.cs using Guid(7cb68f51c0aeb6c4fb508195bc44ddca) Importer(815301076,1909f56bfc062723c751e8b465ee728b)  -> (artifact id: '0dc010674fed6913afe9c6a64e78d988') in 0.036031 seconds 
========================================================================
Received Prepare
Registering precompiled user dll's ...
Registered in 0.011728 seconds.
Begin MonoManager ReloadAssembly
Native extension for WindowsStandalone target not found
Refreshing native plugins compatible for Editor in 0.41 ms, found 2 plugins.
Preloading 0 native plugins for Editor in 0.00 ms.
Mono: successfully reloaded assembly
- Completed reload, in  3.351 seconds
Domain Reload Profiling:
	ReloadAssembly (3352ms)
		BeginReloadAssembly (310ms)
			ExecutionOrderSort (0ms)
			DisableScriptedObjects (15ms)
			BackupInstance (0ms)
			ReleaseScriptingObjects (0ms)
			CreateAndSetChildDomain (69ms)
		EndReloadAssembly (2801ms)
			LoadAssemblies (268ms)
			RebuildTransferFunctionScriptingTraits (0ms)
			SetupTypeCache (1114ms)
			ReleaseScriptCaches (1ms)
			RebuildScriptCaches (112ms)
			SetupLoadedEditorAssemblies (831ms)
				LogAssemblyErrors (0ms)
				InitializePlatformSupportModulesInManaged (18ms)
				SetLoadedEditorAssemblies (1ms)
				RefreshPlugins (1ms)
				BeforeProcessingInitializeOnLoad (221ms)
				ProcessInitializeOnLoadAttributes (552ms)
				ProcessInitializeOnLoadMethodAttributes (23ms)
				AfterProcessingInitializeOnLoad (13ms)
				EditorAssembliesLoaded (3ms)
			ExecutionOrderSort2 (0ms)
			AwakeInstancesAfterBackupRestoration (5ms)
Platform modules already initialized, skipping
Refreshing native plugins compatible for Editor in 0.38 ms, found 2 plugins.
Preloading 0 native plugins for Editor in 0.00 ms.
Unloading 1319 Unused Serialized files (Serialized files now loaded: 0)
System memory in use before: 80.7 MB.
System memory in use after: 80.8 MB.

Unloading 12 unused Assets to reduce memory usage. Loaded Objects now: 1811.
Total: 3.070200 ms (FindLiveObjects: 0.211100 ms CreateObjectMapping: 0.066400 ms MarkObjects: 2.743200 ms  DeleteObjects: 0.048400 ms)

AssetImportParameters requested are different than current active one (requested -> active):
  custom:framework-win-MediaFoundation: 216162199b28c13a410421893ffa2e32 -> 
  custom:video-decoder-ogg-theora: a1e56fd34408186e4bbccfd4996cb3dc -> 
  custom:container-muxer-webm: aa71ff27fc2769a1b78a27578f13a17b -> 
  custom:container-demuxer-webm: 4f35f7cbe854078d1ac9338744f61a02 -> 
  custom:container-demuxer-ogg: 62fdf1f143b41e24485cea50d1cbac27 -> 
  custom:video-encoder-webm-vp8: eb34c28f22e8b96e1ab97ce403110664 -> 
  custom:video-decoder-webm-vp8: 9c59270c3fd7afecdb556c50c9e8de78 -> 
  custom:audio-decoder-ogg-vorbis: bf7c407c2cedff20999df2af8eb42d56 -> 
  custom:audio-encoder-webm-vorbis: bf7c407c2cedff20999df2af8eb42d56 -> 
========================================================================
Received Import Request.
  Time since last request: 339.074365 seconds.
  path: Assets/01_Scripts/Bosses/Minotauro.cs
  artifactKey: Guid(7cb68f51c0aeb6c4fb508195bc44ddca) Importer(815301076,1909f56bfc062723c751e8b465ee728b)
Start importing Assets/01_Scripts/Bosses/Minotauro.cs using Guid(7cb68f51c0aeb6c4fb508195bc44ddca) Importer(815301076,1909f56bfc062723c751e8b465ee728b)  -> (artifact id: '3151f9421bf1e16eff186fe514c69fc7') in 0.062825 seconds 
========================================================================
Received Prepare
Registering precompiled user dll's ...
Registered in 0.004163 seconds.
Begin MonoManager ReloadAssembly
Native extension for WindowsStandalone target not found
Refreshing native plugins compatible for Editor in 0.40 ms, found 2 plugins.
Preloading 0 native plugins for Editor in 0.00 ms.
Mono: successfully reloaded assembly
- Completed reload, in  1.812 seconds
Domain Reload Profiling:
	ReloadAssembly (1813ms)
		BeginReloadAssembly (197ms)
			ExecutionOrderSort (0ms)
			DisableScriptedObjects (10ms)
			BackupInstance (0ms)
			ReleaseScriptingObjects (0ms)
			CreateAndSetChildDomain (51ms)
		EndReloadAssembly (1479ms)
			LoadAssemblies (193ms)
			RebuildTransferFunctionScriptingTraits (0ms)
			SetupTypeCache (487ms)
			ReleaseScriptCaches (1ms)
			RebuildScriptCaches (63ms)
			SetupLoadedEditorAssemblies (639ms)
				LogAssemblyErrors (0ms)
				InitializePlatformSupportModulesInManaged (6ms)
				SetLoadedEditorAssemblies (1ms)
				RefreshPlugins (0ms)
				BeforeProcessingInitializeOnLoad (146ms)
				ProcessInitializeOnLoadAttributes (449ms)
				ProcessInitializeOnLoadMethodAttributes (14ms)
				AfterProcessingInitializeOnLoad (21ms)
				EditorAssembliesLoaded (0ms)
			ExecutionOrderSort2 (0ms)
			AwakeInstancesAfterBackupRestoration (3ms)
Platform modules already initialized, skipping
Refreshing native plugins compatible for Editor in 0.59 ms, found 2 plugins.
Preloading 0 native plugins for Editor in 0.00 ms.
Unloading 1319 Unused Serialized files (Serialized files now loaded: 0)
System memory in use before: 80.7 MB.
System memory in use after: 80.8 MB.

Unloading 11 unused Assets to reduce memory usage. Loaded Objects now: 1814.
Total: 4.898400 ms (FindLiveObjects: 0.241500 ms CreateObjectMapping: 0.099100 ms MarkObjects: 4.520400 ms  DeleteObjects: 0.035600 ms)

AssetImportParameters requested are different than current active one (requested -> active):
  custom:framework-win-MediaFoundation: 216162199b28c13a410421893ffa2e32 -> 
  custom:video-decoder-ogg-theora: a1e56fd34408186e4bbccfd4996cb3dc -> 
  custom:container-muxer-webm: aa71ff27fc2769a1b78a27578f13a17b -> 
  custom:container-demuxer-webm: 4f35f7cbe854078d1ac9338744f61a02 -> 
  custom:container-demuxer-ogg: 62fdf1f143b41e24485cea50d1cbac27 -> 
  custom:video-encoder-webm-vp8: eb34c28f22e8b96e1ab97ce403110664 -> 
  custom:video-decoder-webm-vp8: 9c59270c3fd7afecdb556c50c9e8de78 -> 
  custom:audio-decoder-ogg-vorbis: bf7c407c2cedff20999df2af8eb42d56 -> 
  custom:audio-encoder-webm-vorbis: bf7c407c2cedff20999df2af8eb42d56 -> 
========================================================================
Received Import Request.
  Time since last request: 73.677386 seconds.
  path: Assets/04_Anim/Bosses/Minotauro Controller.controller
  artifactKey: Guid(cd86742e1f38d2e4fab4b0b2f24e8643) Importer(815301076,1909f56bfc062723c751e8b465ee728b)
Start importing Assets/04_Anim/Bosses/Minotauro Controller.controller using Guid(cd86742e1f38d2e4fab4b0b2f24e8643) Importer(815301076,1909f56bfc062723c751e8b465ee728b)  -> (artifact id: '939270aedd76bc42f759e2c5795ea9c6') in 0.057621 seconds 
========================================================================
Received Import Request.
  Time since last request: 22.333231 seconds.
  path: Assets/03_Models/Bosses/Minotauro/Minotauro@Defeated.fbx
  artifactKey: Guid(5f21cf3dcba7f94459d870a41eb39b57) Importer(815301076,1909f56bfc062723c751e8b465ee728b)
Start importing Assets/03_Models/Bosses/Minotauro/Minotauro@Defeated.fbx using Guid(5f21cf3dcba7f94459d870a41eb39b57) Importer(815301076,1909f56bfc062723c751e8b465ee728b)  -> (artifact id: '6fe685dad1d87ce04e5fbaac39782adf') in 0.126070 seconds 
========================================================================
Received Import Request.
  Time since last request: 68.488806 seconds.
  path: Assets/04_Anim/Bosses/Goblin Controller.controller
  artifactKey: Guid(c32e8fc130b28e043873010fa1f4ee50) Importer(815301076,1909f56bfc062723c751e8b465ee728b)
Start importing Assets/04_Anim/Bosses/Goblin Controller.controller using Guid(c32e8fc130b28e043873010fa1f4ee50) Importer(815301076,1909f56bfc062723c751e8b465ee728b)  -> (artifact id: '2bd2be7acc15d285e8b8fd4fad5fc0d2') in 0.643976 seconds 
========================================================================
Received Import Request.
  Time since last request: 28.317770 seconds.
  path: Assets/03_Models/Bosses/Minotauro/Minotauro@Standing Melee Attack 360 High.fbx
  artifactKey: Guid(aa860cd16bbb16e43bf36abc701531c2) Importer(815301076,1909f56bfc062723c751e8b465ee728b)
Start importing Assets/03_Models/Bosses/Minotauro/Minotauro@Standing Melee Attack 360 High.fbx using Guid(aa860cd16bbb16e43bf36abc701531c2) Importer(815301076,1909f56bfc062723c751e8b465ee728b)  -> (artifact id: '61e1c51bef2b69c01ff24592263290b3') in 0.078994 seconds 
========================================================================
Received Import Request.
  Time since last request: 26.060544 seconds.
  path: Assets/03_Models/Bosses/Minotauro/Minotauro@Standing Melee Combo Attack Ver. 1.fbx
  artifactKey: Guid(74af610760078ae4999013a824c54e01) Importer(815301076,1909f56bfc062723c751e8b465ee728b)
Start importing Assets/03_Models/Bosses/Minotauro/Minotauro@Standing Melee Combo Attack Ver. 1.fbx using Guid(74af610760078ae4999013a824c54e01) Importer(815301076,1909f56bfc062723c751e8b465ee728b)  -> (artifact id: '926bbd5c6c07458faf95b5b35ba18d4c') in 0.028191 seconds 
========================================================================
Received Prepare
Registering precompiled user dll's ...
Registered in 0.004276 seconds.
Begin MonoManager ReloadAssembly
Native extension for WindowsStandalone target not found
Refreshing native plugins compatible for Editor in 0.36 ms, found 2 plugins.
Preloading 0 native plugins for Editor in 0.00 ms.
Mono: successfully reloaded assembly
- Completed reload, in  1.577 seconds
Domain Reload Profiling:
	ReloadAssembly (1578ms)
		BeginReloadAssembly (210ms)
			ExecutionOrderSort (0ms)
			DisableScriptedObjects (11ms)
			BackupInstance (0ms)
			ReleaseScriptingObjects (0ms)
			CreateAndSetChildDomain (70ms)
		EndReloadAssembly (1271ms)
			LoadAssemblies (157ms)
			RebuildTransferFunctionScriptingTraits (0ms)
			SetupTypeCache (453ms)
			ReleaseScriptCaches (1ms)
			RebuildScriptCaches (57ms)
			SetupLoadedEditorAssemblies (511ms)
				LogAssemblyErrors (0ms)
				InitializePlatformSupportModulesInManaged (6ms)
				SetLoadedEditorAssemblies (1ms)
				RefreshPlugins (0ms)
				BeforeProcessingInitializeOnLoad (100ms)
				ProcessInitializeOnLoadAttributes (379ms)
				ProcessInitializeOnLoadMethodAttributes (14ms)
				AfterProcessingInitializeOnLoad (10ms)
				EditorAssembliesLoaded (0ms)
			ExecutionOrderSort2 (0ms)
			AwakeInstancesAfterBackupRestoration (3ms)
Platform modules already initialized, skipping
Refreshing native plugins compatible for Editor in 0.53 ms, found 2 plugins.
Preloading 0 native plugins for Editor in 0.00 ms.
Unloading 1319 Unused Serialized files (Serialized files now loaded: 0)
System memory in use before: 80.7 MB.
System memory in use after: 80.8 MB.

Unloading 11 unused Assets to reduce memory usage. Loaded Objects now: 1817.
Total: 12.112100 ms (FindLiveObjects: 0.252600 ms CreateObjectMapping: 0.101000 ms MarkObjects: 11.716100 ms  DeleteObjects: 0.040400 ms)

AssetImportParameters requested are different than current active one (requested -> active):
  custom:framework-win-MediaFoundation: 216162199b28c13a410421893ffa2e32 -> 
  custom:video-decoder-ogg-theora: a1e56fd34408186e4bbccfd4996cb3dc -> 
  custom:container-muxer-webm: aa71ff27fc2769a1b78a27578f13a17b -> 
  custom:container-demuxer-webm: 4f35f7cbe854078d1ac9338744f61a02 -> 
  custom:container-demuxer-ogg: 62fdf1f143b41e24485cea50d1cbac27 -> 
  custom:video-encoder-webm-vp8: eb34c28f22e8b96e1ab97ce403110664 -> 
  custom:video-decoder-webm-vp8: 9c59270c3fd7afecdb556c50c9e8de78 -> 
  custom:audio-decoder-ogg-vorbis: bf7c407c2cedff20999df2af8eb42d56 -> 
  custom:audio-encoder-webm-vorbis: bf7c407c2cedff20999df2af8eb42d56 -> 
========================================================================
Received Prepare
Registering precompiled user dll's ...
Registered in 0.004390 seconds.
Begin MonoManager ReloadAssembly
Native extension for WindowsStandalone target not found
Refreshing native plugins compatible for Editor in 0.86 ms, found 2 plugins.
Preloading 0 native plugins for Editor in 0.00 ms.
Mono: successfully reloaded assembly
- Completed reload, in  3.265 seconds
Domain Reload Profiling:
	ReloadAssembly (3266ms)
		BeginReloadAssembly (263ms)
			ExecutionOrderSort (0ms)
			DisableScriptedObjects (11ms)
			BackupInstance (0ms)
			ReleaseScriptingObjects (0ms)
			CreateAndSetChildDomain (66ms)
		EndReloadAssembly (2504ms)
			LoadAssemblies (273ms)
			RebuildTransferFunctionScriptingTraits (0ms)
			SetupTypeCache (824ms)
			ReleaseScriptCaches (2ms)
			RebuildScriptCaches (164ms)
			SetupLoadedEditorAssemblies (944ms)
				LogAssemblyErrors (0ms)
				InitializePlatformSupportModulesInManaged (13ms)
				SetLoadedEditorAssemblies (1ms)
				RefreshPlugins (1ms)
				BeforeProcessingInitializeOnLoad (223ms)
				ProcessInitializeOnLoadAttributes (660ms)
				ProcessInitializeOnLoadMethodAttributes (26ms)
				AfterProcessingInitializeOnLoad (19ms)
				EditorAssembliesLoaded (0ms)
			ExecutionOrderSort2 (0ms)
			AwakeInstancesAfterBackupRestoration (5ms)
Platform modules already initialized, skipping
Refreshing native plugins compatible for Editor in 0.89 ms, found 2 plugins.
Preloading 0 native plugins for Editor in 0.00 ms.
Unloading 1319 Unused Serialized files (Serialized files now loaded: 0)
System memory in use before: 80.8 MB.
System memory in use after: 80.9 MB.

Unloading 11 unused Assets to reduce memory usage. Loaded Objects now: 1820.
Total: 15.369600 ms (FindLiveObjects: 1.462100 ms CreateObjectMapping: 0.414700 ms MarkObjects: 13.255700 ms  DeleteObjects: 0.205800 ms)

AssetImportParameters requested are different than current active one (requested -> active):
  custom:framework-win-MediaFoundation: 216162199b28c13a410421893ffa2e32 -> 
  custom:video-decoder-ogg-theora: a1e56fd34408186e4bbccfd4996cb3dc -> 
  custom:container-muxer-webm: aa71ff27fc2769a1b78a27578f13a17b -> 
  custom:container-demuxer-webm: 4f35f7cbe854078d1ac9338744f61a02 -> 
  custom:container-demuxer-ogg: 62fdf1f143b41e24485cea50d1cbac27 -> 
  custom:video-encoder-webm-vp8: eb34c28f22e8b96e1ab97ce403110664 -> 
  custom:video-decoder-webm-vp8: 9c59270c3fd7afecdb556c50c9e8de78 -> 
  custom:audio-decoder-ogg-vorbis: bf7c407c2cedff20999df2af8eb42d56 -> 
  custom:audio-encoder-webm-vorbis: bf7c407c2cedff20999df2af8eb42d56 -> 
========================================================================
Received Import Request.
  Time since last request: 725.939485 seconds.
  path: Assets/03_Models/Bosses/Minotauro/Minotauro@Standing Melee Attack 360 High.fbx
  artifactKey: Guid(aa860cd16bbb16e43bf36abc701531c2) Importer(815301076,1909f56bfc062723c751e8b465ee728b)
Start importing Assets/03_Models/Bosses/Minotauro/Minotauro@Standing Melee Attack 360 High.fbx using Guid(aa860cd16bbb16e43bf36abc701531c2) Importer(815301076,1909f56bfc062723c751e8b465ee728b)  -> (artifact id: 'ca29bcd91a4e728a927035ba475333ab') in 0.127065 seconds 
========================================================================
Received Import Request.
  Time since last request: 41.099974 seconds.
  path: Assets/03_Models/Bosses/Minotauro/Minotauro@Defeated.fbx
  artifactKey: Guid(5f21cf3dcba7f94459d870a41eb39b57) Importer(815301076,1909f56bfc062723c751e8b465ee728b)
Start importing Assets/03_Models/Bosses/Minotauro/Minotauro@Defeated.fbx using Guid(5f21cf3dcba7f94459d870a41eb39b57) Importer(815301076,1909f56bfc062723c751e8b465ee728b)  -> (artifact id: 'aac6ceb21c1df0239ce51e437e7ad754') in 0.024902 seconds 
========================================================================
Received Prepare
Registering precompiled user dll's ...
Registered in 0.004491 seconds.
Begin MonoManager ReloadAssembly
Native extension for WindowsStandalone target not found
Refreshing native plugins compatible for Editor in 0.34 ms, found 2 plugins.
Preloading 0 native plugins for Editor in 0.00 ms.
Mono: successfully reloaded assembly
- Completed reload, in  1.897 seconds
Domain Reload Profiling:
	ReloadAssembly (1898ms)
		BeginReloadAssembly (196ms)
			ExecutionOrderSort (0ms)
			DisableScriptedObjects (7ms)
			BackupInstance (0ms)
			ReleaseScriptingObjects (0ms)
			CreateAndSetChildDomain (53ms)
		EndReloadAssembly (1602ms)
			LoadAssemblies (168ms)
			RebuildTransferFunctionScriptingTraits (0ms)
			SetupTypeCache (487ms)
			ReleaseScriptCaches (1ms)
			RebuildScriptCaches (53ms)
			SetupLoadedEditorAssemblies (783ms)
				LogAssemblyErrors (0ms)
				InitializePlatformSupportModulesInManaged (6ms)
				SetLoadedEditorAssemblies (1ms)
				RefreshPlugins (0ms)
				BeforeProcessingInitializeOnLoad (104ms)
				ProcessInitializeOnLoadAttributes (644ms)
				ProcessInitializeOnLoadMethodAttributes (20ms)
				AfterProcessingInitializeOnLoad (9ms)
				EditorAssembliesLoaded (0ms)
			ExecutionOrderSort2 (0ms)
			AwakeInstancesAfterBackupRestoration (3ms)
Platform modules already initialized, skipping
Refreshing native plugins compatible for Editor in 0.54 ms, found 2 plugins.
Preloading 0 native plugins for Editor in 0.00 ms.
Unloading 1319 Unused Serialized files (Serialized files now loaded: 0)
System memory in use before: 80.8 MB.
System memory in use after: 80.9 MB.

Unloading 11 unused Assets to reduce memory usage. Loaded Objects now: 1823.
Total: 5.287900 ms (FindLiveObjects: 0.269200 ms CreateObjectMapping: 0.217400 ms MarkObjects: 4.764700 ms  DeleteObjects: 0.034900 ms)

AssetImportParameters requested are different than current active one (requested -> active):
  custom:framework-win-MediaFoundation: 216162199b28c13a410421893ffa2e32 -> 
  custom:video-decoder-ogg-theora: a1e56fd34408186e4bbccfd4996cb3dc -> 
  custom:container-muxer-webm: aa71ff27fc2769a1b78a27578f13a17b -> 
  custom:container-demuxer-webm: 4f35f7cbe854078d1ac9338744f61a02 -> 
  custom:container-demuxer-ogg: 62fdf1f143b41e24485cea50d1cbac27 -> 
  custom:video-encoder-webm-vp8: eb34c28f22e8b96e1ab97ce403110664 -> 
  custom:video-decoder-webm-vp8: 9c59270c3fd7afecdb556c50c9e8de78 -> 
  custom:audio-decoder-ogg-vorbis: bf7c407c2cedff20999df2af8eb42d56 -> 
  custom:audio-encoder-webm-vorbis: bf7c407c2cedff20999df2af8eb42d56 -> 
========================================================================
Received Import Request.
  Time since last request: 69.026719 seconds.
  path: Assets/02_Prefabs/Bosses/Minotauro.prefab
  artifactKey: Guid(544fc04b892610249a386fa748dfd47f) Importer(815301076,1909f56bfc062723c751e8b465ee728b)
Start importing Assets/02_Prefabs/Bosses/Minotauro.prefab using Guid(544fc04b892610249a386fa748dfd47f) Importer(815301076,1909f56bfc062723c751e8b465ee728b)  -> (artifact id: '429fd86fb88bceb5c6db345b421e9a79') in 0.401806 seconds 
========================================================================
Received Import Request.
  Time since last request: 3880.040775 seconds.
  path: Assets/01_Scripts/Bosses/Trol.cs
  artifactKey: Guid(d27fb8d0f45f49b49a4ce1f79d5d9d0c) Importer(815301076,1909f56bfc062723c751e8b465ee728b)
Start importing Assets/01_Scripts/Bosses/Trol.cs using Guid(d27fb8d0f45f49b49a4ce1f79d5d9d0c) Importer(815301076,1909f56bfc062723c751e8b465ee728b)  -> (artifact id: '8ced3564e731c00fb89a6e5a1f65e0ac') in 0.021381 seconds 
========================================================================
Received Prepare
Registering precompiled user dll's ...
Registered in 0.002562 seconds.
Begin MonoManager ReloadAssembly
Native extension for WindowsStandalone target not found
Refreshing native plugins compatible for Editor in 0.40 ms, found 2 plugins.
Preloading 0 native plugins for Editor in 0.00 ms.
Mono: successfully reloaded assembly
- Completed reload, in  1.702 seconds
Domain Reload Profiling:
	ReloadAssembly (1703ms)
		BeginReloadAssembly (204ms)
			ExecutionOrderSort (0ms)
			DisableScriptedObjects (6ms)
			BackupInstance (0ms)
			ReleaseScriptingObjects (0ms)
			CreateAndSetChildDomain (55ms)
		EndReloadAssembly (1289ms)
			LoadAssemblies (188ms)
			RebuildTransferFunctionScriptingTraits (0ms)
			SetupTypeCache (519ms)
			ReleaseScriptCaches (1ms)
			RebuildScriptCaches (46ms)
			SetupLoadedEditorAssemblies (455ms)
				LogAssemblyErrors (0ms)
				InitializePlatformSupportModulesInManaged (6ms)
				SetLoadedEditorAssemblies (1ms)
				RefreshPlugins (0ms)
				BeforeProcessingInitializeOnLoad (127ms)
				ProcessInitializeOnLoadAttributes (299ms)
				ProcessInitializeOnLoadMethodAttributes (14ms)
				AfterProcessingInitializeOnLoad (9ms)
				EditorAssembliesLoaded (1ms)
			ExecutionOrderSort2 (0ms)
			AwakeInstancesAfterBackupRestoration (4ms)
Platform modules already initialized, skipping
Refreshing native plugins compatible for Editor in 0.69 ms, found 2 plugins.
Preloading 0 native plugins for Editor in 0.00 ms.
Unloading 1320 Unused Serialized files (Serialized files now loaded: 0)
System memory in use before: 80.8 MB.
System memory in use after: 80.9 MB.

Unloading 12 unused Assets to reduce memory usage. Loaded Objects now: 1828.
Total: 4.789900 ms (FindLiveObjects: 0.244000 ms CreateObjectMapping: 0.085800 ms MarkObjects: 4.415600 ms  DeleteObjects: 0.042600 ms)

AssetImportParameters requested are different than current active one (requested -> active):
  custom:framework-win-MediaFoundation: 216162199b28c13a410421893ffa2e32 -> 
  custom:video-decoder-ogg-theora: a1e56fd34408186e4bbccfd4996cb3dc -> 
  custom:container-muxer-webm: aa71ff27fc2769a1b78a27578f13a17b -> 
  custom:container-demuxer-webm: 4f35f7cbe854078d1ac9338744f61a02 -> 
  custom:container-demuxer-ogg: 62fdf1f143b41e24485cea50d1cbac27 -> 
  custom:video-encoder-webm-vp8: eb34c28f22e8b96e1ab97ce403110664 -> 
  custom:video-decoder-webm-vp8: 9c59270c3fd7afecdb556c50c9e8de78 -> 
  custom:audio-decoder-ogg-vorbis: bf7c407c2cedff20999df2af8eb42d56 -> 
  custom:audio-encoder-webm-vorbis: bf7c407c2cedff20999df2af8eb42d56 -> 
========================================================================
Received Import Request.
  Time since last request: 368.699630 seconds.
  path: Assets/04_Anim/Bosses/Trol Controller.controller
  artifactKey: Guid(f661013322a39c545aa08eff311bfa6e) Importer(815301076,1909f56bfc062723c751e8b465ee728b)
Start importing Assets/04_Anim/Bosses/Trol Controller.controller using Guid(f661013322a39c545aa08eff311bfa6e) Importer(815301076,1909f56bfc062723c751e8b465ee728b)  -> (artifact id: 'b944164b5f4006659227d87abf681cd3') in 0.058133 seconds 
========================================================================
Received Import Request.
  Time since last request: 128.945451 seconds.
  path: Assets/03_Models/Bosses/Trol/Ciclope@Drunk Walking Turn.fbx
  artifactKey: Guid(05a52cab67257204eb78eed177b0fcdb) Importer(815301076,1909f56bfc062723c751e8b465ee728b)
Start importing Assets/03_Models/Bosses/Trol/Ciclope@Drunk Walking Turn.fbx using Guid(05a52cab67257204eb78eed177b0fcdb) Importer(815301076,1909f56bfc062723c751e8b465ee728b)  -> (artifact id: '7244b8135fb37d01c90e8634df48976c') in 0.061959 seconds 
========================================================================
Received Import Request.
  Time since last request: 17.910339 seconds.
  path: Assets/03_Models/Bosses/Trol/Ciclope@Falling Back Death.fbx
  artifactKey: Guid(0f42b04ddb482e2459487d2f45cdb2d7) Importer(815301076,1909f56bfc062723c751e8b465ee728b)
Start importing Assets/03_Models/Bosses/Trol/Ciclope@Falling Back Death.fbx using Guid(0f42b04ddb482e2459487d2f45cdb2d7) Importer(815301076,1909f56bfc062723c751e8b465ee728b)  -> (artifact id: 'f5f66bf138dbd81713916869dc9bb9be') in 0.025874 seconds 
========================================================================
Received Import Request.
  Time since last request: 19.134415 seconds.
  path: Assets/03_Models/Bosses/Trol/Ciclope@Mutant Idle.fbx
  artifactKey: Guid(41ff93bece7ec7e49b798628a1e6ab81) Importer(815301076,1909f56bfc062723c751e8b465ee728b)
Start importing Assets/03_Models/Bosses/Trol/Ciclope@Mutant Idle.fbx using Guid(41ff93bece7ec7e49b798628a1e6ab81) Importer(815301076,1909f56bfc062723c751e8b465ee728b)  -> (artifact id: '8e0d94557e6676f0c64ab69dc0355936') in 0.025942 seconds 
========================================================================
Received Import Request.
  Time since last request: 29.439449 seconds.
  path: Assets/03_Models/Bosses/Trol/Ciclope@Mutant Run.fbx
  artifactKey: Guid(d8c982ae70eeffe4b84bc1de438dd0e0) Importer(815301076,1909f56bfc062723c751e8b465ee728b)
Start importing Assets/03_Models/Bosses/Trol/Ciclope@Mutant Run.fbx using Guid(d8c982ae70eeffe4b84bc1de438dd0e0) Importer(815301076,1909f56bfc062723c751e8b465ee728b)  -> (artifact id: 'f86b5a673a35a25a66d931d9b089f061') in 0.022668 seconds 
========================================================================
Received Import Request.
  Time since last request: 15.173539 seconds.
  path: Assets/03_Models/Bosses/Trol/Ciclope@Standing Melee Run Jump Attack.fbx
  artifactKey: Guid(906c10e917b9d1b46b25b7e0253a7351) Importer(815301076,1909f56bfc062723c751e8b465ee728b)
Start importing Assets/03_Models/Bosses/Trol/Ciclope@Standing Melee Run Jump Attack.fbx using Guid(906c10e917b9d1b46b25b7e0253a7351) Importer(815301076,1909f56bfc062723c751e8b465ee728b)  -> (artifact id: '67bbc796fe5d0ae29cea40b992642ded') in 0.022669 seconds 
========================================================================
Received Import Request.
  Time since last request: 30.818130 seconds.
  path: Assets/03_Models/Bosses/Trol/Ciclope@Two Hand Sword Combo.fbx
  artifactKey: Guid(6019cb4b81a8f594f8f4446e12aaea4a) Importer(815301076,1909f56bfc062723c751e8b465ee728b)
Start importing Assets/03_Models/Bosses/Trol/Ciclope@Two Hand Sword Combo.fbx using Guid(6019cb4b81a8f594f8f4446e12aaea4a) Importer(815301076,1909f56bfc062723c751e8b465ee728b)  -> (artifact id: 'c751a68410f230305b413e52ddd4acd6') in 0.029021 seconds 
========================================================================
Received Import Request.
  Time since last request: 218.605859 seconds.
  path: Assets/04_Anim/Bosses/Trol Controller.controller
  artifactKey: Guid(f661013322a39c545aa08eff311bfa6e) Importer(815301076,1909f56bfc062723c751e8b465ee728b)
Start importing Assets/04_Anim/Bosses/Trol Controller.controller using Guid(f661013322a39c545aa08eff311bfa6e) Importer(815301076,1909f56bfc062723c751e8b465ee728b)  -> (artifact id: '72cc9a81c127aff1b309885a7079576a') in 0.132537 seconds 
========================================================================
Received Prepare
Registering precompiled user dll's ...
Registered in 0.003270 seconds.
Begin MonoManager ReloadAssembly
Native extension for WindowsStandalone target not found
Refreshing native plugins compatible for Editor in 0.53 ms, found 2 plugins.
Preloading 0 native plugins for Editor in 0.00 ms.
Mono: successfully reloaded assembly
- Completed reload, in  2.456 seconds
Domain Reload Profiling:
	ReloadAssembly (2457ms)
		BeginReloadAssembly (276ms)
			ExecutionOrderSort (0ms)
			DisableScriptedObjects (8ms)
			BackupInstance (0ms)
			ReleaseScriptingObjects (0ms)
			CreateAndSetChildDomain (57ms)
		EndReloadAssembly (2027ms)
			LoadAssemblies (262ms)
			RebuildTransferFunctionScriptingTraits (0ms)
			SetupTypeCache (753ms)
			ReleaseScriptCaches (1ms)
			RebuildScriptCaches (234ms)
			SetupLoadedEditorAssemblies (682ms)
				LogAssemblyErrors (0ms)
				InitializePlatformSupportModulesInManaged (10ms)
				SetLoadedEditorAssemblies (2ms)
				RefreshPlugins (1ms)
				BeforeProcessingInitializeOnLoad (166ms)
				ProcessInitializeOnLoadAttributes (473ms)
				ProcessInitializeOnLoadMethodAttributes (16ms)
				AfterProcessingInitializeOnLoad (15ms)
				EditorAssembliesLoaded (0ms)
			ExecutionOrderSort2 (0ms)
			AwakeInstancesAfterBackupRestoration (4ms)
Platform modules already initialized, skipping
Refreshing native plugins compatible for Editor in 0.57 ms, found 2 plugins.
Preloading 0 native plugins for Editor in 0.00 ms.
Unloading 1320 Unused Serialized files (Serialized files now loaded: 0)
System memory in use before: 80.9 MB.
System memory in use after: 81.0 MB.

Unloading 11 unused Assets to reduce memory usage. Loaded Objects now: 1831.
Total: 4.576500 ms (FindLiveObjects: 0.254500 ms CreateObjectMapping: 0.122100 ms MarkObjects: 4.162200 ms  DeleteObjects: 0.035700 ms)

AssetImportParameters requested are different than current active one (requested -> active):
  custom:framework-win-MediaFoundation: 216162199b28c13a410421893ffa2e32 -> 
  custom:video-decoder-ogg-theora: a1e56fd34408186e4bbccfd4996cb3dc -> 
  custom:container-muxer-webm: aa71ff27fc2769a1b78a27578f13a17b -> 
  custom:container-demuxer-webm: 4f35f7cbe854078d1ac9338744f61a02 -> 
  custom:container-demuxer-ogg: 62fdf1f143b41e24485cea50d1cbac27 -> 
  custom:video-encoder-webm-vp8: eb34c28f22e8b96e1ab97ce403110664 -> 
  custom:video-decoder-webm-vp8: 9c59270c3fd7afecdb556c50c9e8de78 -> 
  custom:audio-decoder-ogg-vorbis: bf7c407c2cedff20999df2af8eb42d56 -> 
  custom:audio-encoder-webm-vorbis: bf7c407c2cedff20999df2af8eb42d56 -> 
========================================================================
Received Prepare
Registering precompiled user dll's ...
Registered in 0.003402 seconds.
Begin MonoManager ReloadAssembly
Native extension for WindowsStandalone target not found
Refreshing native plugins compatible for Editor in 0.33 ms, found 2 plugins.
Preloading 0 native plugins for Editor in 0.00 ms.
Mono: successfully reloaded assembly
- Completed reload, in  1.466 seconds
Domain Reload Profiling:
	ReloadAssembly (1466ms)
		BeginReloadAssembly (150ms)
			ExecutionOrderSort (0ms)
			DisableScriptedObjects (8ms)
			BackupInstance (0ms)
			ReleaseScriptingObjects (0ms)
			CreateAndSetChildDomain (38ms)
		EndReloadAssembly (1201ms)
			LoadAssemblies (130ms)
			RebuildTransferFunctionScriptingTraits (0ms)
			SetupTypeCache (368ms)
			ReleaseScriptCaches (1ms)
			RebuildScriptCaches (54ms)
			SetupLoadedEditorAssemblies (549ms)
				LogAssemblyErrors (0ms)
				InitializePlatformSupportModulesInManaged (5ms)
				SetLoadedEditorAssemblies (1ms)
				RefreshPlugins (0ms)
				BeforeProcessingInitializeOnLoad (116ms)
				ProcessInitializeOnLoadAttributes (402ms)
				ProcessInitializeOnLoadMethodAttributes (14ms)
				AfterProcessingInitializeOnLoad (10ms)
				EditorAssembliesLoaded (0ms)
			ExecutionOrderSort2 (0ms)
			AwakeInstancesAfterBackupRestoration (3ms)
Platform modules already initialized, skipping
Refreshing native plugins compatible for Editor in 0.51 ms, found 2 plugins.
Preloading 0 native plugins for Editor in 0.00 ms.
Unloading 1320 Unused Serialized files (Serialized files now loaded: 0)
System memory in use before: 80.9 MB.
System memory in use after: 81.0 MB.

Unloading 11 unused Assets to reduce memory usage. Loaded Objects now: 1834.
Total: 4.747900 ms (FindLiveObjects: 0.453600 ms CreateObjectMapping: 0.132400 ms MarkObjects: 4.110900 ms  DeleteObjects: 0.048500 ms)

AssetImportParameters requested are different than current active one (requested -> active):
  custom:framework-win-MediaFoundation: 216162199b28c13a410421893ffa2e32 -> 
  custom:video-decoder-ogg-theora: a1e56fd34408186e4bbccfd4996cb3dc -> 
  custom:container-muxer-webm: aa71ff27fc2769a1b78a27578f13a17b -> 
  custom:container-demuxer-webm: 4f35f7cbe854078d1ac9338744f61a02 -> 
  custom:container-demuxer-ogg: 62fdf1f143b41e24485cea50d1cbac27 -> 
  custom:video-encoder-webm-vp8: eb34c28f22e8b96e1ab97ce403110664 -> 
  custom:video-decoder-webm-vp8: 9c59270c3fd7afecdb556c50c9e8de78 -> 
  custom:audio-decoder-ogg-vorbis: bf7c407c2cedff20999df2af8eb42d56 -> 
  custom:audio-encoder-webm-vorbis: bf7c407c2cedff20999df2af8eb42d56 -> 
========================================================================
Received Import Request.
  Time since last request: 4506.306637 seconds.
  path: Assets/03_Models/Arms/Guada単a.obj
  artifactKey: Guid(0bee51c147324a44082e42348fb4b033) Importer(815301076,1909f56bfc062723c751e8b465ee728b)
Start importing Assets/03_Models/Arms/Guada単a.obj using Guid(0bee51c147324a44082e42348fb4b033) Importer(815301076,1909f56bfc062723c751e8b465ee728b)  -> (artifact id: '5f727253c48bb714dc71932bce5c2968') in 0.520931 seconds 
========================================================================
Received Import Request.
  Time since last request: 7.757160 seconds.
  path: Assets/03_Models/Arms/Guada単a.obj
  artifactKey: Guid(0bee51c147324a44082e42348fb4b033) Importer(815301076,1909f56bfc062723c751e8b465ee728b)
Start importing Assets/03_Models/Arms/Guada単a.obj using Guid(0bee51c147324a44082e42348fb4b033) Importer(815301076,1909f56bfc062723c751e8b465ee728b)  -> (artifact id: '4bc1fa4cf3306514a4ac98596f20c56f') in 0.087562 seconds 
========================================================================
Received Import Request.
  Time since last request: 2.203098 seconds.
  path: Assets/03_Models/Arms/Bate.obj
  artifactKey: Guid(2a01d2215fabfec45a5d19f16d94253a) Importer(815301076,1909f56bfc062723c751e8b465ee728b)
Start importing Assets/03_Models/Arms/Bate.obj using Guid(2a01d2215fabfec45a5d19f16d94253a) Importer(815301076,1909f56bfc062723c751e8b465ee728b)  -> (artifact id: '39a7c2bdfd043cc5cbc58299a12d4eee') in 0.078577 seconds 
========================================================================
Received Import Request.
  Time since last request: 3.975686 seconds.
  path: Assets/03_Models/Arms/Bate.obj
  artifactKey: Guid(2a01d2215fabfec45a5d19f16d94253a) Importer(815301076,1909f56bfc062723c751e8b465ee728b)
Start importing Assets/03_Models/Arms/Bate.obj using Guid(2a01d2215fabfec45a5d19f16d94253a) Importer(815301076,1909f56bfc062723c751e8b465ee728b)  -> (artifact id: 'c35f83606b9f7b2dc2371f199717949d') in 0.070403 seconds 
========================================================================
Received Prepare
Registering precompiled user dll's ...
Registered in 0.002601 seconds.
Begin MonoManager ReloadAssembly
Native extension for WindowsStandalone target not found
Refreshing native plugins compatible for Editor in 0.71 ms, found 2 plugins.
Preloading 0 native plugins for Editor in 0.00 ms.
Mono: successfully reloaded assembly
- Completed reload, in  1.653 seconds
Domain Reload Profiling:
	ReloadAssembly (1655ms)
		BeginReloadAssembly (270ms)
			ExecutionOrderSort (0ms)
			DisableScriptedObjects (8ms)
			BackupInstance (0ms)
			ReleaseScriptingObjects (0ms)
			CreateAndSetChildDomain (97ms)
		EndReloadAssembly (1278ms)
			LoadAssemblies (196ms)
			RebuildTransferFunctionScriptingTraits (0ms)
			SetupTypeCache (500ms)
			ReleaseScriptCaches (1ms)
			RebuildScriptCaches (61ms)
			SetupLoadedEditorAssemblies (445ms)
				LogAssemblyErrors (0ms)
				InitializePlatformSupportModulesInManaged (9ms)
				SetLoadedEditorAssemblies (1ms)
				RefreshPlugins (1ms)
				BeforeProcessingInitializeOnLoad (127ms)
				ProcessInitializeOnLoadAttributes (282ms)
				ProcessInitializeOnLoadMethodAttributes (13ms)
				AfterProcessingInitializeOnLoad (10ms)
				EditorAssembliesLoaded (1ms)
			ExecutionOrderSort2 (0ms)
			AwakeInstancesAfterBackupRestoration (4ms)
Platform modules already initialized, skipping
Refreshing native plugins compatible for Editor in 0.35 ms, found 2 plugins.
Preloading 0 native plugins for Editor in 0.00 ms.
Unloading 1320 Unused Serialized files (Serialized files now loaded: 0)
System memory in use before: 80.9 MB.
System memory in use after: 81.0 MB.

Unloading 11 unused Assets to reduce memory usage. Loaded Objects now: 1838.
Total: 3.087200 ms (FindLiveObjects: 0.176300 ms CreateObjectMapping: 0.068100 ms MarkObjects: 2.809600 ms  DeleteObjects: 0.031800 ms)

AssetImportParameters requested are different than current active one (requested -> active):
  custom:framework-win-MediaFoundation: 216162199b28c13a410421893ffa2e32 -> 
  custom:video-decoder-ogg-theora: a1e56fd34408186e4bbccfd4996cb3dc -> 
  custom:container-muxer-webm: aa71ff27fc2769a1b78a27578f13a17b -> 
  custom:container-demuxer-webm: 4f35f7cbe854078d1ac9338744f61a02 -> 
  custom:container-demuxer-ogg: 62fdf1f143b41e24485cea50d1cbac27 -> 
  custom:video-encoder-webm-vp8: eb34c28f22e8b96e1ab97ce403110664 -> 
  custom:video-decoder-webm-vp8: 9c59270c3fd7afecdb556c50c9e8de78 -> 
  custom:audio-decoder-ogg-vorbis: bf7c407c2cedff20999df2af8eb42d56 -> 
  custom:audio-encoder-webm-vorbis: bf7c407c2cedff20999df2af8eb42d56 -> 
